<?xml version="1.0" encoding="UTF-8" ?>
<testsuite failures="0" time="0.019" errors="0" skipped="0" tests="29" name="tictactoe.Board.BoardLogicTest">
  <properties>
    <property name="java.runtime.name" value="Java(TM) SE Runtime Environment"/>
    <property name="sun.boot.library.path" value="/Library/Java/JavaVirtualMachines/jdk1.7.0_25.jdk/Contents/Home/jre/lib"/>
    <property name="java.vm.version" value="23.25-b01"/>
    <property name="gopherProxySet" value="false"/>
    <property name="java.vm.vendor" value="Oracle Corporation"/>
    <property name="java.vendor.url" value="http://java.oracle.com/"/>
    <property name="path.separator" value=":"/>
    <property name="java.vm.name" value="Java HotSpot(TM) 64-Bit Server VM"/>
    <property name="file.encoding.pkg" value="sun.io"/>
    <property name="user.country" value="US"/>
    <property name="sun.java.launcher" value="SUN_STANDARD"/>
    <property name="sun.os.patch.level" value="unknown"/>
    <property name="java.vm.specification.name" value="Java Virtual Machine Specification"/>
    <property name="user.dir" value="/Users/takayuki/IdeaProjects/TicTacToe"/>
    <property name="java.runtime.version" value="1.7.0_25-b15"/>
    <property name="java.awt.graphicsenv" value="sun.awt.CGraphicsEnvironment"/>
    <property name="basedir" value="/Users/takayuki/IdeaProjects/TicTacToe"/>
    <property name="java.endorsed.dirs" value="/Library/Java/JavaVirtualMachines/jdk1.7.0_25.jdk/Contents/Home/jre/lib/endorsed"/>
    <property name="os.arch" value="x86_64"/>
    <property name="surefire.real.class.path" value="/Users/takayuki/IdeaProjects/TicTacToe/target/surefire/surefirebooter7430953113969112871.jar"/>
    <property name="java.io.tmpdir" value="/var/folders/3d/gfplx6px093_21vpc489p2z40000gn/T/"/>
    <property name="line.separator" value="
"/>
    <property name="java.vm.specification.vendor" value="Oracle Corporation"/>
    <property name="os.name" value="Mac OS X"/>
    <property name="sun.jnu.encoding" value="UTF-8"/>
    <property name="java.library.path" value="/Users/takayuki/Library/Java/Extensions:/Library/Java/Extensions:/Network/Library/Java/Extensions:/System/Library/Java/Extensions:/usr/lib/java:."/>
    <property name="surefire.test.class.path" value="/Users/takayuki/IdeaProjects/TicTacToe/target/test-classes:/Users/takayuki/IdeaProjects/TicTacToe/target/classes:/Users/takayuki/.m2/repository/junit/junit/4.11/junit-4.11.jar:/Users/takayuki/.m2/repository/org/hamcrest/hamcrest-core/1.3/hamcrest-core-1.3.jar:"/>
    <property name="java.specification.name" value="Java Platform API Specification"/>
    <property name="java.class.version" value="51.0"/>
    <property name="sun.management.compiler" value="HotSpot 64-Bit Tiered Compilers"/>
    <property name="os.version" value="10.8.4"/>
    <property name="http.nonProxyHosts" value="local|*.local|169.254/16|*.169.254/16"/>
    <property name="user.home" value="/Users/takayuki"/>
    <property name="user.timezone" value=""/>
    <property name="java.awt.printerjob" value="sun.lwawt.macosx.CPrinterJob"/>
    <property name="java.specification.version" value="1.7"/>
    <property name="file.encoding" value="UTF-8"/>
    <property name="user.name" value="takayuki"/>
    <property name="java.class.path" value="/Users/takayuki/IdeaProjects/TicTacToe/target/test-classes:/Users/takayuki/IdeaProjects/TicTacToe/target/classes:/Users/takayuki/.m2/repository/junit/junit/4.11/junit-4.11.jar:/Users/takayuki/.m2/repository/org/hamcrest/hamcrest-core/1.3/hamcrest-core-1.3.jar:"/>
    <property name="java.vm.specification.version" value="1.7"/>
    <property name="sun.arch.data.model" value="64"/>
    <property name="java.home" value="/Library/Java/JavaVirtualMachines/jdk1.7.0_25.jdk/Contents/Home/jre"/>
    <property name="sun.java.command" value="/Users/takayuki/IdeaProjects/TicTacToe/target/surefire/surefirebooter7430953113969112871.jar /Users/takayuki/IdeaProjects/TicTacToe/target/surefire/surefire5422537893767286665tmp /Users/takayuki/IdeaProjects/TicTacToe/target/surefire/surefire4454612928036383984tmp"/>
    <property name="java.specification.vendor" value="Oracle Corporation"/>
    <property name="user.language" value="en"/>
    <property name="awt.toolkit" value="sun.lwawt.macosx.LWCToolkit"/>
    <property name="java.vm.info" value="mixed mode"/>
    <property name="java.version" value="1.7.0_25"/>
    <property name="java.ext.dirs" value="/Users/takayuki/Library/Java/Extensions:/Library/Java/JavaVirtualMachines/jdk1.7.0_25.jdk/Contents/Home/jre/lib/ext:/Library/Java/Extensions:/Network/Library/Java/Extensions:/System/Library/Java/Extensions:/usr/lib/java"/>
    <property name="sun.boot.class.path" value="/Library/Java/JavaVirtualMachines/jdk1.7.0_25.jdk/Contents/Home/jre/lib/resources.jar:/Library/Java/JavaVirtualMachines/jdk1.7.0_25.jdk/Contents/Home/jre/lib/rt.jar:/Library/Java/JavaVirtualMachines/jdk1.7.0_25.jdk/Contents/Home/jre/lib/sunrsasign.jar:/Library/Java/JavaVirtualMachines/jdk1.7.0_25.jdk/Contents/Home/jre/lib/jsse.jar:/Library/Java/JavaVirtualMachines/jdk1.7.0_25.jdk/Contents/Home/jre/lib/jce.jar:/Library/Java/JavaVirtualMachines/jdk1.7.0_25.jdk/Contents/Home/jre/lib/charsets.jar:/Library/Java/JavaVirtualMachines/jdk1.7.0_25.jdk/Contents/Home/jre/lib/jfr.jar:/Library/Java/JavaVirtualMachines/jdk1.7.0_25.jdk/Contents/Home/jre/lib/JObjC.jar:/Library/Java/JavaVirtualMachines/jdk1.7.0_25.jdk/Contents/Home/jre/classes"/>
    <property name="java.vendor" value="Oracle Corporation"/>
    <property name="localRepository" value="/Users/takayuki/.m2/repository"/>
    <property name="file.separator" value="/"/>
    <property name="java.vendor.url.bug" value="http://bugreport.sun.com/bugreport/"/>
    <property name="sun.cpu.endian" value="little"/>
    <property name="sun.io.unicode.encoding" value="UnicodeBig"/>
    <property name="socksNonProxyHosts" value="local|*.local|169.254/16|*.169.254/16"/>
    <property name="ftp.nonProxyHosts" value="local|*.local|169.254/16|*.169.254/16"/>
    <property name="sun.cpu.isalist" value=""/>
  </properties>
  <testcase time="0.001" classname="tictactoe.Board.BoardLogicTest" name="boardIsFull"/>
  <testcase time="0" classname="tictactoe.Board.BoardLogicTest" name="returnsTheCorrectPlayersTurnOnFourByFour"/>
  <testcase time="0.002" classname="tictactoe.Board.BoardLogicTest" name="getVerticalWinCombsForFourByFour"/>
  <testcase time="0" classname="tictactoe.Board.BoardLogicTest" name="hasWinnerIsTrue"/>
  <testcase time="0" classname="tictactoe.Board.BoardLogicTest" name="createWinCombForFourByFour"/>
  <testcase time="0" classname="tictactoe.Board.BoardLogicTest" name="getHorizontalWinCombsForFourByFour"/>
  <testcase time="0" classname="tictactoe.Board.BoardLogicTest" name="SetGameLogicBoard"/>
  <testcase time="0" classname="tictactoe.Board.BoardLogicTest" name="returnsCorrectPlayerTurnDuringGame"/>
  <testcase time="0" classname="tictactoe.Board.BoardLogicTest" name="hasWinnerIsFalse"/>
  <testcase time="0" classname="tictactoe.Board.BoardLogicTest" name="hasWinnerIsFalseForEmptyBoard"/>
  <testcase time="0" classname="tictactoe.Board.BoardLogicTest" name="createWinningCombinations"/>
  <testcase time="0.001" classname="tictactoe.Board.BoardLogicTest" name="gameIsOverWithMoves"/>
  <testcase time="0" classname="tictactoe.Board.BoardLogicTest" name="getHorizontalWinCombsForThreeByThree"/>
  <testcase time="0" classname="tictactoe.Board.BoardLogicTest" name="winnerIsO"/>
  <testcase time="0" classname="tictactoe.Board.BoardLogicTest" name="winnerIsX"/>
  <testcase time="0.001" classname="tictactoe.Board.BoardLogicTest" name="gameIsNotOverWhenTie"/>
  <testcase time="0" classname="tictactoe.Board.BoardLogicTest" name="hasWinnerForFourByFour"/>
  <testcase time="0" classname="tictactoe.Board.BoardLogicTest" name="gameIsOver"/>
  <testcase time="0" classname="tictactoe.Board.BoardLogicTest" name="itIsATie"/>
  <testcase time="0" classname="tictactoe.Board.BoardLogicTest" name="returnsTheCorrectPlayersTurn"/>
  <testcase time="0" classname="tictactoe.Board.BoardLogicTest" name="getsWinnerForFourByFour"/>
  <testcase time="0.001" classname="tictactoe.Board.BoardLogicTest" name="itIsNotTie"/>
  <testcase time="0" classname="tictactoe.Board.BoardLogicTest" name="getDiagonalWinCombsForThreeByThree"/>
  <testcase time="0" classname="tictactoe.Board.BoardLogicTest" name="getVerticalWinCombsForThreeByThree"/>
  <testcase time="0" classname="tictactoe.Board.BoardLogicTest" name="boardIsNotFull"/>
  <testcase time="0" classname="tictactoe.Board.BoardLogicTest" name="shouldNotBeWinner"/>
  <testcase time="0" classname="tictactoe.Board.BoardLogicTest" name="getDiagonalWinCombsForFourByFour"/>
  <testcase time="0" classname="tictactoe.Board.BoardLogicTest" name="gameIsNotOver"/>
  <testcase time="0.001" classname="tictactoe.Board.BoardLogicTest" name="returnsPlayerTwoCorrectPlayerTurnDuringGame"/>
</testsuite>